-------------------------------------------------------------------------------
Test set: com.azuga.springbootmysql.SpringBootMysqlApplicationTests
-------------------------------------------------------------------------------
Tests run: 1, Failures: 0, Errors: 1, Skipped: 0, Time elapsed: 10.347 s <<< FAILURE! - in com.azuga.springbootmysql.SpringBootMysqlApplicationTests
contextLoads  Time elapsed: 0.013 s  <<< ERROR!
java.lang.IllegalStateException: Failed to load ApplicationContext
Caused by: org.springframework.beans.factory.UnsatisfiedDependencyException: Error creating bean with name 'museumApiController': Unsatisfied dependency expressed through field 'museumApiService'; nested exception is org.springframework.beans.factory.UnsatisfiedDependencyException: Error creating bean with name 'museumApiService': Unsatisfied dependency expressed through field 'repository'; nested exception is org.springframework.beans.factory.BeanCreationException: Error creating bean with name 'museumApiRepository' defined in com.azuga.springbootmysql.repository.MuseumApiRepository defined in @EnableJpaRepositories declared on JpaRepositoriesRegistrar.EnableJpaRepositoriesConfiguration: Invocation of init method failed; nested exception is org.springframework.data.repository.query.QueryCreationException: Could not create query for public abstract com.azuga.springbootmysql.entity.MuseumApi com.azuga.springbootmysql.repository.MuseumApiRepository.findByName(java.lang.String); Reason: Failed to create query for method public abstract com.azuga.springbootmysql.entity.MuseumApi com.azuga.springbootmysql.repository.MuseumApiRepository.findByName(java.lang.String)! No property 'name' found for type 'MuseumApi'; nested exception is java.lang.IllegalArgumentException: Failed to create query for method public abstract com.azuga.springbootmysql.entity.MuseumApi com.azuga.springbootmysql.repository.MuseumApiRepository.findByName(java.lang.String)! No property 'name' found for type 'MuseumApi'
Caused by: org.springframework.beans.factory.UnsatisfiedDependencyException: Error creating bean with name 'museumApiService': Unsatisfied dependency expressed through field 'repository'; nested exception is org.springframework.beans.factory.BeanCreationException: Error creating bean with name 'museumApiRepository' defined in com.azuga.springbootmysql.repository.MuseumApiRepository defined in @EnableJpaRepositories declared on JpaRepositoriesRegistrar.EnableJpaRepositoriesConfiguration: Invocation of init method failed; nested exception is org.springframework.data.repository.query.QueryCreationException: Could not create query for public abstract com.azuga.springbootmysql.entity.MuseumApi com.azuga.springbootmysql.repository.MuseumApiRepository.findByName(java.lang.String); Reason: Failed to create query for method public abstract com.azuga.springbootmysql.entity.MuseumApi com.azuga.springbootmysql.repository.MuseumApiRepository.findByName(java.lang.String)! No property 'name' found for type 'MuseumApi'; nested exception is java.lang.IllegalArgumentException: Failed to create query for method public abstract com.azuga.springbootmysql.entity.MuseumApi com.azuga.springbootmysql.repository.MuseumApiRepository.findByName(java.lang.String)! No property 'name' found for type 'MuseumApi'
Caused by: org.springframework.beans.factory.BeanCreationException: Error creating bean with name 'museumApiRepository' defined in com.azuga.springbootmysql.repository.MuseumApiRepository defined in @EnableJpaRepositories declared on JpaRepositoriesRegistrar.EnableJpaRepositoriesConfiguration: Invocation of init method failed; nested exception is org.springframework.data.repository.query.QueryCreationException: Could not create query for public abstract com.azuga.springbootmysql.entity.MuseumApi com.azuga.springbootmysql.repository.MuseumApiRepository.findByName(java.lang.String); Reason: Failed to create query for method public abstract com.azuga.springbootmysql.entity.MuseumApi com.azuga.springbootmysql.repository.MuseumApiRepository.findByName(java.lang.String)! No property 'name' found for type 'MuseumApi'; nested exception is java.lang.IllegalArgumentException: Failed to create query for method public abstract com.azuga.springbootmysql.entity.MuseumApi com.azuga.springbootmysql.repository.MuseumApiRepository.findByName(java.lang.String)! No property 'name' found for type 'MuseumApi'
Caused by: org.springframework.data.repository.query.QueryCreationException: Could not create query for public abstract com.azuga.springbootmysql.entity.MuseumApi com.azuga.springbootmysql.repository.MuseumApiRepository.findByName(java.lang.String); Reason: Failed to create query for method public abstract com.azuga.springbootmysql.entity.MuseumApi com.azuga.springbootmysql.repository.MuseumApiRepository.findByName(java.lang.String)! No property 'name' found for type 'MuseumApi'; nested exception is java.lang.IllegalArgumentException: Failed to create query for method public abstract com.azuga.springbootmysql.entity.MuseumApi com.azuga.springbootmysql.repository.MuseumApiRepository.findByName(java.lang.String)! No property 'name' found for type 'MuseumApi'
Caused by: java.lang.IllegalArgumentException: Failed to create query for method public abstract com.azuga.springbootmysql.entity.MuseumApi com.azuga.springbootmysql.repository.MuseumApiRepository.findByName(java.lang.String)! No property 'name' found for type 'MuseumApi'
Caused by: org.springframework.data.mapping.PropertyReferenceException: No property 'name' found for type 'MuseumApi'

